This file contains any messages produced by compilers while
running configure, to aid debugging if configure makes a mistake.

It was created by MPEG Audio Decoder configure 0.15.1b, which was
generated by GNU Autoconf 2.69.  Invocation command line was

  $ ./configure --prefix=/home/jeffrey.wu/item/smartdisp_demo/MM_DEMO/mp3_player/libmad-0.15.1b/host --enable-shared --host=arm-linux

## --------- ##
## Platform. ##
## --------- ##

hostname = szbcl06402
uname -m = x86_64
uname -r = 4.15.0-135-generic
uname -s = Linux
uname -v = #139-Ubuntu SMP Mon Jan 18 17:38:24 UTC 2021

/usr/bin/uname -p = unknown
/bin/uname -X     = unknown

/bin/arch              = unknown
/usr/bin/arch -k       = unknown
/usr/convex/getsysinfo = unknown
/usr/bin/hostinfo      = unknown
/bin/machine           = unknown
/usr/bin/oslevel       = unknown
/bin/universe          = unknown

PATH: /tools/bin
PATH: /home/jeffrey.wu/bin
PATH: /home/jeffrey.wu/.local/bin
PATH: /tools/toolchain/gcc-arm-8.2-2018.08-x86_64-arm-linux-gnueabihf/bin
PATH: /usr/local/sbin
PATH: /usr/local/bin
PATH: /usr/sbin
PATH: /usr/bin
PATH: /sbin
PATH: /bin
PATH: /usr/games
PATH: /usr/local/games
PATH: /tools/bin
PATH: /usr/local/sbin
PATH: /usr/local/bin
PATH: /usr/sbin
PATH: /usr/bin
PATH: /sbin
PATH: /bin
PATH: /usr/games
PATH: /usr/local/games
PATH: /snap/bin


## ----------- ##
## Core tests. ##
## ----------- ##

configure:2939: checking for a BSD-compatible install
configure:3007: result: /usr/bin/install -c
configure:3018: checking whether build environment is sane
configure:3055: result: yes
configure:3109: checking for gawk
configure:3125: found /usr/bin/gawk
configure:3136: result: gawk
configure:3147: checking whether make sets $(MAKE)
configure:3169: result: yes
configure:3246: checking for arm-linux-strip
configure:3276: result: no
configure:3286: checking for strip
configure:3302: found /usr/bin/strip
configure:3313: result: strip
configure:3352: checking build system type
configure:3366: result: x86_64-unknown-linux-gnu
configure:3386: checking host system type
configure:3399: result: arm-unknown-linux-gnu
configure:3429: checking for arm-linux-gcc
configure:3456: result: arm-linux-gnueabihf-gcc
configure:3725: checking for C compiler version
configure:3734: arm-linux-gnueabihf-gcc --version >&5
arm-linux-gnueabihf-gcc (GNU Toolchain for the A-profile Architecture 8.2-2018-08 (arm-rel-8.23)) 8.2.1 20180802
Copyright (C) 2018 Free Software Foundation, Inc.
This is free software; see the source for copying conditions.  There is NO
warranty; not even for MERCHANTABILITY or FITNESS FOR A PARTICULAR PURPOSE.

configure:3745: $? = 0
configure:3734: arm-linux-gnueabihf-gcc -v >&5
Using built-in specs.
COLLECT_GCC=arm-linux-gnueabihf-gcc
COLLECT_LTO_WRAPPER=/tools/toolchain/gcc-arm-8.2-2018.08-x86_64-arm-linux-gnueabihf/bin/../libexec/gcc/arm-linux-gnueabihf/8.2.1/lto-wrapper
Target: arm-linux-gnueabihf
Configured with: /tmp/dgboter/bbs/bc-b1-2-11--rhe6x86_64/buildbot/rhe6x86_64--arm-linux-gnueabihf/build/src/gcc/configure --target=arm-linux-gnueabihf --prefix= --with-sysroot=/arm-linux-gnueabihf/libc --with-build-sysroot=/tmp/dgboter/bbs/bc-b1-2-11--rhe6x86_64/buildbot/rhe6x86_64--arm-linux-gnueabihf/build/build-arm-linux-gnueabihf/install//arm-linux-gnueabihf/libc --enable-gnu-indirect-function --enable-shared --disable-libssp --disable-libmudflap --disable-libsanitizer --enable-checking=release --enable-languages=c,c++,fortran --with-gmp=/tmp/dgboter/bbs/bc-b1-2-11--rhe6x86_64/buildbot/rhe6x86_64--arm-linux-gnueabihf/build/build-arm-linux-gnueabihf/host-tools --with-mpfr=/tmp/dgboter/bbs/bc-b1-2-11--rhe6x86_64/buildbot/rhe6x86_64--arm-linux-gnueabihf/build/build-arm-linux-gnueabihf/host-tools --with-mpc=/tmp/dgboter/bbs/bc-b1-2-11--rhe6x86_64/buildbot/rhe6x86_64--arm-linux-gnueabihf/build/build-arm-linux-gnueabihf/host-tools --with-isl=/tmp/dgboter/bbs/bc-b1-2-11--rhe6x86_64/buildbot/rhe6x86_64--arm-linux-gnueabihf/build/build-arm-linux-gnueabihf/host-tools --with-arch=armv7-a --with-fpu=neon --with-float=hard --with-arch=armv7-a --with-pkgversion='GNU Toolchain for the A-profile Architecture 8.2-2018-08 (arm-rel-8.23)'
Thread model: posix
gcc version 8.2.1 20180802 (GNU Toolchain for the A-profile Architecture 8.2-2018-08 (arm-rel-8.23)) 
configure:3745: $? = 0
configure:3734: arm-linux-gnueabihf-gcc -V >&5
arm-linux-gnueabihf-gcc: error: unrecognized command line option '-V'
arm-linux-gnueabihf-gcc: fatal error: no input files
compilation terminated.
configure:3745: $? = 1
configure:3734: arm-linux-gnueabihf-gcc -qversion >&5
arm-linux-gnueabihf-gcc: error: unrecognized command line option '-qversion'; did you mean '--version'?
arm-linux-gnueabihf-gcc: fatal error: no input files
compilation terminated.
configure:3745: $? = 1
configure:3765: checking whether the C compiler works
configure:3787: arm-linux-gnueabihf-gcc    conftest.c  >&5
configure:3791: $? = 0
configure:3839: result: yes
configure:3842: checking for C compiler default output file name
configure:3844: result: a.out
configure:3850: checking for suffix of executables
configure:3857: arm-linux-gnueabihf-gcc -o conftest    conftest.c  >&5
configure:3861: $? = 0
configure:3883: result: 
configure:3905: checking whether we are cross compiling
configure:3913: arm-linux-gnueabihf-gcc -o conftest    conftest.c  >&5
configure:3917: $? = 0
configure:3924: ./conftest
./configure: line 3926: ./conftest: cannot execute binary file: Exec format error
configure:3928: $? = 126
configure:3943: result: yes
configure:3948: checking for suffix of object files
configure:3970: arm-linux-gnueabihf-gcc -c   conftest.c >&5
configure:3974: $? = 0
configure:3995: result: o
configure:3999: checking whether we are using the GNU C compiler
configure:4018: arm-linux-gnueabihf-gcc -c   conftest.c >&5
configure:4018: $? = 0
configure:4027: result: yes
configure:4036: checking whether arm-linux-gnueabihf-gcc accepts -g
configure:4056: arm-linux-gnueabihf-gcc -c -g  conftest.c >&5
configure:4056: $? = 0
configure:4097: result: yes
configure:4114: checking for arm-linux-gnueabihf-gcc option to accept ISO C89
configure:4177: arm-linux-gnueabihf-gcc  -c -g -O2  conftest.c >&5
configure:4177: $? = 0
configure:4190: result: none needed
configure:4221: checking for style of include used by make
configure:4249: result: GNU
configure:4277: checking dependency style of arm-linux-gnueabihf-gcc
configure:4360: result: gcc3
configure:4472: checking for a sed that does not truncate output
configure:4526: result: /bin/sed
configure:4529: checking for grep that handles long lines and -e
configure:4587: result: /bin/grep
configure:4592: checking for egrep
configure:4654: result: /bin/grep -E
configure:4670: checking for ld used by arm-linux-gnueabihf-gcc
configure:4737: result: /tools/toolchain/gcc-arm-8.2-2018.08-x86_64-arm-linux-gnueabihf/arm-linux-gnueabihf/bin/ld
configure:4744: checking if the linker (/tools/toolchain/gcc-arm-8.2-2018.08-x86_64-arm-linux-gnueabihf/arm-linux-gnueabihf/bin/ld) is GNU ld
configure:4759: result: yes
configure:4764: checking for /tools/toolchain/gcc-arm-8.2-2018.08-x86_64-arm-linux-gnueabihf/arm-linux-gnueabihf/bin/ld option to reload object files
configure:4771: result: -r
configure:4780: checking for BSD-compatible nm
configure:4822: result: nm
configure:4826: checking whether ln -s works
configure:4830: result: yes
configure:4837: checking how to recognise dependent libraries
configure:5011: result: pass_all
configure:5197: checking how to run the C preprocessor
configure:5228: arm-linux-gnueabihf-gcc -E  conftest.c
configure:5228: $? = 0
configure:5242: arm-linux-gnueabihf-gcc -E  conftest.c
conftest.c:11:10: fatal error: ac_nonexistent.h: No such file or directory
 #include <ac_nonexistent.h>
          ^~~~~~~~~~~~~~~~~~
compilation terminated.
configure:5242: $? = 1
configure: failed program was:
| /* confdefs.h */
| #define PACKAGE_NAME "MPEG Audio Decoder"
| #define PACKAGE_TARNAME "libmad"
| #define PACKAGE_VERSION "0.15.1b"
| #define PACKAGE_STRING "MPEG Audio Decoder 0.15.1b"
| #define PACKAGE_BUGREPORT "support@underbit.com"
| #define PACKAGE_URL ""
| #define PACKAGE "libmad"
| #define VERSION "0.15.1b"
| /* end confdefs.h.  */
| #include <ac_nonexistent.h>
configure:5267: result: arm-linux-gnueabihf-gcc -E
configure:5287: arm-linux-gnueabihf-gcc -E  conftest.c
configure:5287: $? = 0
configure:5301: arm-linux-gnueabihf-gcc -E  conftest.c
conftest.c:11:10: fatal error: ac_nonexistent.h: No such file or directory
 #include <ac_nonexistent.h>
          ^~~~~~~~~~~~~~~~~~
compilation terminated.
configure:5301: $? = 1
configure: failed program was:
| /* confdefs.h */
| #define PACKAGE_NAME "MPEG Audio Decoder"
| #define PACKAGE_TARNAME "libmad"
| #define PACKAGE_VERSION "0.15.1b"
| #define PACKAGE_STRING "MPEG Audio Decoder 0.15.1b"
| #define PACKAGE_BUGREPORT "support@underbit.com"
| #define PACKAGE_URL ""
| #define PACKAGE "libmad"
| #define VERSION "0.15.1b"
| /* end confdefs.h.  */
| #include <ac_nonexistent.h>
configure:5330: checking for ANSI C header files
configure:5350: arm-linux-gnueabihf-gcc -c -g -O2  conftest.c >&5
configure:5350: $? = 0
configure:5434: result: yes
configure:5447: checking for sys/types.h
configure:5447: arm-linux-gnueabihf-gcc -c -g -O2  conftest.c >&5
configure:5447: $? = 0
configure:5447: result: yes
configure:5447: checking for sys/stat.h
configure:5447: arm-linux-gnueabihf-gcc -c -g -O2  conftest.c >&5
configure:5447: $? = 0
configure:5447: result: yes
configure:5447: checking for stdlib.h
configure:5447: arm-linux-gnueabihf-gcc -c -g -O2  conftest.c >&5
configure:5447: $? = 0
configure:5447: result: yes
configure:5447: checking for string.h
configure:5447: arm-linux-gnueabihf-gcc -c -g -O2  conftest.c >&5
configure:5447: $? = 0
configure:5447: result: yes
configure:5447: checking for memory.h
configure:5447: arm-linux-gnueabihf-gcc -c -g -O2  conftest.c >&5
configure:5447: $? = 0
configure:5447: result: yes
configure:5447: checking for strings.h
configure:5447: arm-linux-gnueabihf-gcc -c -g -O2  conftest.c >&5
configure:5447: $? = 0
configure:5447: result: yes
configure:5447: checking for inttypes.h
configure:5447: arm-linux-gnueabihf-gcc -c -g -O2  conftest.c >&5
configure:5447: $? = 0
configure:5447: result: yes
configure:5447: checking for stdint.h
configure:5447: arm-linux-gnueabihf-gcc -c -g -O2  conftest.c >&5
configure:5447: $? = 0
configure:5447: result: yes
configure:5447: checking for unistd.h
configure:5447: arm-linux-gnueabihf-gcc -c -g -O2  conftest.c >&5
configure:5447: $? = 0
configure:5447: result: yes
configure:5461: checking dlfcn.h usability
configure:5461: arm-linux-gnueabihf-gcc -c -g -O2  conftest.c >&5
configure:5461: $? = 0
configure:5461: result: yes
configure:5461: checking dlfcn.h presence
configure:5461: arm-linux-gnueabihf-gcc -E  conftest.c
configure:5461: $? = 0
configure:5461: result: yes
configure:5461: checking for dlfcn.h
configure:5461: result: yes
configure:5583: checking for C++ compiler version
configure:5592: arm-linux-gnueabihf-g++ --version >&5
arm-linux-gnueabihf-g++ (GNU Toolchain for the A-profile Architecture 8.2-2018-08 (arm-rel-8.23)) 8.2.1 20180802
Copyright (C) 2018 Free Software Foundation, Inc.
This is free software; see the source for copying conditions.  There is NO
warranty; not even for MERCHANTABILITY or FITNESS FOR A PARTICULAR PURPOSE.

configure:5603: $? = 0
configure:5592: arm-linux-gnueabihf-g++ -v >&5
Using built-in specs.
COLLECT_GCC=arm-linux-gnueabihf-g++
COLLECT_LTO_WRAPPER=/tools/toolchain/gcc-arm-8.2-2018.08-x86_64-arm-linux-gnueabihf/bin/../libexec/gcc/arm-linux-gnueabihf/8.2.1/lto-wrapper
Target: arm-linux-gnueabihf
Configured with: /tmp/dgboter/bbs/bc-b1-2-11--rhe6x86_64/buildbot/rhe6x86_64--arm-linux-gnueabihf/build/src/gcc/configure --target=arm-linux-gnueabihf --prefix= --with-sysroot=/arm-linux-gnueabihf/libc --with-build-sysroot=/tmp/dgboter/bbs/bc-b1-2-11--rhe6x86_64/buildbot/rhe6x86_64--arm-linux-gnueabihf/build/build-arm-linux-gnueabihf/install//arm-linux-gnueabihf/libc --enable-gnu-indirect-function --enable-shared --disable-libssp --disable-libmudflap --disable-libsanitizer --enable-checking=release --enable-languages=c,c++,fortran --with-gmp=/tmp/dgboter/bbs/bc-b1-2-11--rhe6x86_64/buildbot/rhe6x86_64--arm-linux-gnueabihf/build/build-arm-linux-gnueabihf/host-tools --with-mpfr=/tmp/dgboter/bbs/bc-b1-2-11--rhe6x86_64/buildbot/rhe6x86_64--arm-linux-gnueabihf/build/build-arm-linux-gnueabihf/host-tools --with-mpc=/tmp/dgboter/bbs/bc-b1-2-11--rhe6x86_64/buildbot/rhe6x86_64--arm-linux-gnueabihf/build/build-arm-linux-gnueabihf/host-tools --with-isl=/tmp/dgboter/bbs/bc-b1-2-11--rhe6x86_64/buildbot/rhe6x86_64--arm-linux-gnueabihf/build/build-arm-linux-gnueabihf/host-tools --with-arch=armv7-a --with-fpu=neon --with-float=hard --with-arch=armv7-a --with-pkgversion='GNU Toolchain for the A-profile Architecture 8.2-2018-08 (arm-rel-8.23)'
Thread model: posix
gcc version 8.2.1 20180802 (GNU Toolchain for the A-profile Architecture 8.2-2018-08 (arm-rel-8.23)) 
configure:5603: $? = 0
configure:5592: arm-linux-gnueabihf-g++ -V >&5
arm-linux-gnueabihf-g++: error: unrecognized command line option '-V'
arm-linux-gnueabihf-g++: fatal error: no input files
compilation terminated.
configure:5603: $? = 1
configure:5592: arm-linux-gnueabihf-g++ -qversion >&5
arm-linux-gnueabihf-g++: error: unrecognized command line option '-qversion'; did you mean '--version'?
arm-linux-gnueabihf-g++: fatal error: no input files
compilation terminated.
configure:5603: $? = 1
configure:5607: checking whether we are using the GNU C++ compiler
configure:5626: arm-linux-gnueabihf-g++ -c   conftest.cpp >&5
configure:5626: $? = 0
configure:5635: result: yes
configure:5644: checking whether arm-linux-gnueabihf-g++ accepts -g
configure:5664: arm-linux-gnueabihf-g++ -c -g  conftest.cpp >&5
configure:5664: $? = 0
configure:5705: result: yes
configure:5730: checking dependency style of arm-linux-gnueabihf-g++
configure:5813: result: gcc3
configure:5835: checking how to run the C++ preprocessor
configure:5862: arm-linux-gnueabihf-g++ -E  conftest.cpp
configure:5862: $? = 0
configure:5876: arm-linux-gnueabihf-g++ -E  conftest.cpp
conftest.cpp:22:10: fatal error: ac_nonexistent.h: No such file or directory
 #include <ac_nonexistent.h>
          ^~~~~~~~~~~~~~~~~~
compilation terminated.
configure:5876: $? = 1
configure: failed program was:
| /* confdefs.h */
| #define PACKAGE_NAME "MPEG Audio Decoder"
| #define PACKAGE_TARNAME "libmad"
| #define PACKAGE_VERSION "0.15.1b"
| #define PACKAGE_STRING "MPEG Audio Decoder 0.15.1b"
| #define PACKAGE_BUGREPORT "support@underbit.com"
| #define PACKAGE_URL ""
| #define PACKAGE "libmad"
| #define VERSION "0.15.1b"
| #define STDC_HEADERS 1
| #define HAVE_SYS_TYPES_H 1
| #define HAVE_SYS_STAT_H 1
| #define HAVE_STDLIB_H 1
| #define HAVE_STRING_H 1
| #define HAVE_MEMORY_H 1
| #define HAVE_STRINGS_H 1
| #define HAVE_INTTYPES_H 1
| #define HAVE_STDINT_H 1
| #define HAVE_UNISTD_H 1
| #define HAVE_DLFCN_H 1
| /* end confdefs.h.  */
| #include <ac_nonexistent.h>
configure:5901: result: arm-linux-gnueabihf-g++ -E
configure:5921: arm-linux-gnueabihf-g++ -E  conftest.cpp
configure:5921: $? = 0
configure:5935: arm-linux-gnueabihf-g++ -E  conftest.cpp
conftest.cpp:22:10: fatal error: ac_nonexistent.h: No such file or directory
 #include <ac_nonexistent.h>
          ^~~~~~~~~~~~~~~~~~
compilation terminated.
configure:5935: $? = 1
configure: failed program was:
| /* confdefs.h */
| #define PACKAGE_NAME "MPEG Audio Decoder"
| #define PACKAGE_TARNAME "libmad"
| #define PACKAGE_VERSION "0.15.1b"
| #define PACKAGE_STRING "MPEG Audio Decoder 0.15.1b"
| #define PACKAGE_BUGREPORT "support@underbit.com"
| #define PACKAGE_URL ""
| #define PACKAGE "libmad"
| #define VERSION "0.15.1b"
| #define STDC_HEADERS 1
| #define HAVE_SYS_TYPES_H 1
| #define HAVE_SYS_STAT_H 1
| #define HAVE_STDLIB_H 1
| #define HAVE_STRING_H 1
| #define HAVE_MEMORY_H 1
| #define HAVE_STRINGS_H 1
| #define HAVE_INTTYPES_H 1
| #define HAVE_STDINT_H 1
| #define HAVE_UNISTD_H 1
| #define HAVE_DLFCN_H 1
| /* end confdefs.h.  */
| #include <ac_nonexistent.h>
configure:5973: checking for arm-linux-g77
configure:6003: result: no
configure:5973: checking for arm-linux-xlf
configure:6003: result: no
configure:5973: checking for arm-linux-f77
configure:6003: result: no
configure:5973: checking for arm-linux-frt
configure:6003: result: no
configure:5973: checking for arm-linux-pgf77
configure:6003: result: no
configure:5973: checking for arm-linux-cf77
configure:6003: result: no
configure:5973: checking for arm-linux-fort77
configure:6003: result: no
configure:5973: checking for arm-linux-fl32
configure:6003: result: no
configure:5973: checking for arm-linux-af77
configure:6003: result: no
configure:5973: checking for arm-linux-xlf90
configure:6003: result: no
configure:5973: checking for arm-linux-f90
configure:6003: result: no
configure:5973: checking for arm-linux-pgf90
configure:6003: result: no
configure:5973: checking for arm-linux-pghpf
configure:6003: result: no
configure:5973: checking for arm-linux-epcf90
configure:6003: result: no
configure:5973: checking for arm-linux-gfortran
configure:6003: result: no
configure:5973: checking for arm-linux-g95
configure:6003: result: no
configure:5973: checking for arm-linux-xlf95
configure:6003: result: no
configure:5973: checking for arm-linux-f95
configure:6003: result: no
configure:5973: checking for arm-linux-fort
configure:6003: result: no
configure:5973: checking for arm-linux-ifort
configure:6003: result: no
configure:5973: checking for arm-linux-ifc
configure:6003: result: no
configure:5973: checking for arm-linux-efc
configure:6003: result: no
configure:5973: checking for arm-linux-pgfortran
configure:6003: result: no
configure:5973: checking for arm-linux-pgf95
configure:6003: result: no
configure:5973: checking for arm-linux-lf95
configure:6003: result: no
configure:5973: checking for arm-linux-ftn
configure:6003: result: no
configure:5973: checking for arm-linux-nagfor
configure:6003: result: no
configure:6017: checking for g77
configure:6047: result: no
configure:6017: checking for xlf
configure:6047: result: no
configure:6017: checking for f77
configure:6047: result: no
configure:6017: checking for frt
configure:6047: result: no
configure:6017: checking for pgf77
configure:6047: result: no
configure:6017: checking for cf77
configure:6047: result: no
configure:6017: checking for fort77
configure:6047: result: no
configure:6017: checking for fl32
configure:6047: result: no
configure:6017: checking for af77
configure:6047: result: no
configure:6017: checking for xlf90
configure:6047: result: no
configure:6017: checking for f90
configure:6047: result: no
configure:6017: checking for pgf90
configure:6047: result: no
configure:6017: checking for pghpf
configure:6047: result: no
configure:6017: checking for epcf90
configure:6047: result: no
configure:6017: checking for gfortran
configure:6047: result: no
configure:6017: checking for g95
configure:6047: result: no
configure:6017: checking for xlf95
configure:6047: result: no
configure:6017: checking for f95
configure:6047: result: no
configure:6017: checking for fort
configure:6047: result: no
configure:6017: checking for ifort
configure:6047: result: no
configure:6017: checking for ifc
configure:6047: result: no
configure:6017: checking for efc
configure:6047: result: no
configure:6017: checking for pgfortran
configure:6047: result: no
configure:6017: checking for pgf95
configure:6047: result: no
configure:6017: checking for lf95
configure:6047: result: no
configure:6017: checking for ftn
configure:6047: result: no
configure:6017: checking for nagfor
configure:6047: result: no
configure:6070: checking for Fortran 77 compiler version
configure:6079:  --version >&5
./configure: line 6081: --version: command not found
configure:6090: $? = 127
configure:6079:  -v >&5
./configure: line 6081: -v: command not found
configure:6090: $? = 127
configure:6079:  -V >&5
./configure: line 6081: -V: command not found
configure:6090: $? = 127
configure:6079:  -qversion >&5
./configure: line 6081: -qversion: command not found
configure:6090: $? = 127
configure:6099: checking whether we are using the GNU Fortran 77 compiler
configure:6112:  -c  conftest.F >&5
./configure: line 2233: -c: command not found
configure:6112: $? = 127
configure: failed program was:
|       program main
| #ifndef __GNUC__
|        choke me
| #endif
| 
|       end
configure:6121: result: no
configure:6127: checking whether  accepts -g
configure:6138:  -c -g conftest.f >&5
./configure: line 2233: -c: command not found
configure:6138: $? = 127
configure: failed program was:
|       program main
| 
|       end
configure:6146: result: no
configure:6180: checking the maximum length of command line arguments
configure:6245: result: 32768
configure:6256: checking command to parse nm output from arm-linux-gnueabihf-gcc object
configure:6345: arm-linux-gnueabihf-gcc -c -g -O2  conftest.c >&5
configure:6348: $? = 0
configure:6352: nm conftest.o \| sed -n -e 's/^.*[ 	]\([ABCDGIRSTW][ABCDGIRSTW]*\)[ 	][ 	]*\(\)\([_A-Za-z][_A-Za-z0-9]*\)$/\1 \2\3 \3/p' \> conftest.nm
configure:6355: $? = 0
configure:6407: arm-linux-gnueabihf-gcc -o conftest -g -O2   conftest.c conftstm.o >&5
configure:6410: $? = 0
configure:6448: result: ok
configure:6452: checking for objdir
configure:6467: result: .libs
configure:6519: checking for arm-linux-ar
configure:6549: result: no
configure:6559: checking for ar
configure:6575: found /usr/bin/ar
configure:6586: result: ar
configure:6598: WARNING: using cross tools not prefixed with host triplet
configure:6611: checking for arm-linux-ranlib
configure:6641: result: no
configure:6651: checking for ranlib
configure:6667: found /usr/bin/ranlib
configure:6678: result: ranlib
configure:6703: checking for arm-linux-strip
configure:6730: result: strip
configure:7042: checking if arm-linux-gnueabihf-gcc static flag  works
configure:7065: result: yes
configure:7083: checking if arm-linux-gnueabihf-gcc supports -fno-rtti -fno-exceptions
configure:7101: arm-linux-gnueabihf-gcc -c -g -O2  -fno-rtti -fno-exceptions conftest.c >&5
cc1: warning: command line option '-fno-rtti' is valid for C++/ObjC++ but not for C
configure:7105: $? = 0
configure:7116: result: no
configure:7131: checking for arm-linux-gnueabihf-gcc option to produce PIC
configure:7308: result: -fPIC
configure:7316: checking if arm-linux-gnueabihf-gcc PIC flag -fPIC works
configure:7334: arm-linux-gnueabihf-gcc -c -g -O2  -fPIC -DPIC conftest.c >&5
configure:7338: $? = 0
configure:7349: result: yes
configure:7373: checking if arm-linux-gnueabihf-gcc supports -c -o file.o
configure:7394: arm-linux-gnueabihf-gcc -c -g -O2  -o out/conftest2.o conftest.c >&5
configure:7398: $? = 0
configure:7418: result: yes
configure:7444: checking whether the arm-linux-gnueabihf-gcc linker (/tools/toolchain/gcc-arm-8.2-2018.08-x86_64-arm-linux-gnueabihf/arm-linux-gnueabihf/bin/ld) supports shared libraries
configure:8234: result: yes
configure:8260: checking whether -lc should be explicitly linked in
configure:8265: arm-linux-gnueabihf-gcc -c -g -O2  conftest.c >&5
configure:8268: $? = 0
configure:8282: arm-linux-gnueabihf-gcc -shared conftest.o  -v -Wl,-soname -Wl,conftest -o conftest 2\>\&1 \| grep  -lc  \>/dev/null 2\>\&1
configure:8285: $? = 0
configure:8297: result: no
configure:8305: checking dynamic linker characteristics
configure:8845: result: GNU/Linux ld.so
configure:8849: checking how to hardcode library paths into programs
configure:8874: result: immediate
configure:8888: checking whether stripping libraries is possible
configure:8893: result: yes
configure:9405: checking if libtool supports shared libraries
configure:9407: result: yes
configure:9410: checking whether to build shared libraries
configure:9468: result: yes
configure:9471: checking whether to build static libraries
configure:9475: result: yes
configure:9567: creating libtool
configure:10110: checking for ld used by arm-linux-gnueabihf-g++
configure:10177: result: /tools/toolchain/gcc-arm-8.2-2018.08-x86_64-arm-linux-gnueabihf/arm-linux-gnueabihf/bin/ld
configure:10184: checking if the linker (/tools/toolchain/gcc-arm-8.2-2018.08-x86_64-arm-linux-gnueabihf/arm-linux-gnueabihf/bin/ld) is GNU ld
configure:10199: result: yes
configure:10250: checking whether the arm-linux-gnueabihf-g++ linker (/tools/toolchain/gcc-arm-8.2-2018.08-x86_64-arm-linux-gnueabihf/arm-linux-gnueabihf/bin/ld) supports shared libraries
configure:11020: result: yes
configure:11038: arm-linux-gnueabihf-g++ -c -g -O2  conftest.cc >&5
configure:11041: $? = 0
configure:11137: checking for arm-linux-gnueabihf-g++ option to produce PIC
configure:11389: result: -fPIC
configure:11397: checking if arm-linux-gnueabihf-g++ PIC flag -fPIC works
configure:11415: arm-linux-gnueabihf-g++ -c -g -O2  -fPIC -DPIC conftest.cc >&5
configure:11419: $? = 0
configure:11430: result: yes
configure:11454: checking if arm-linux-gnueabihf-g++ supports -c -o file.o
configure:11475: arm-linux-gnueabihf-g++ -c -g -O2  -o out/conftest2.o conftest.cc >&5
configure:11479: $? = 0
configure:11499: result: yes
configure:11525: checking whether the arm-linux-gnueabihf-g++ linker (/tools/toolchain/gcc-arm-8.2-2018.08-x86_64-arm-linux-gnueabihf/arm-linux-gnueabihf/bin/ld) supports shared libraries
configure:11550: result: yes
configure:11621: checking dynamic linker characteristics
configure:12161: result: GNU/Linux ld.so
configure:12165: checking how to hardcode library paths into programs
configure:12190: result: immediate
configure:12204: checking whether stripping libraries is possible
configure:12209: result: yes
configure:18835: checking for ANSI C header files
configure:18939: result: yes
configure:18947: checking for sys/wait.h that is POSIX.1 compatible
configure:18973: arm-linux-gnueabihf-gcc -c -Wall  conftest.c >&5
configure:18973: $? = 0
configure:18980: result: yes
configure:18991: checking assert.h usability
configure:18991: arm-linux-gnueabihf-gcc -c -Wall  conftest.c >&5
configure:18991: $? = 0
configure:18991: result: yes
configure:18991: checking assert.h presence
configure:18991: arm-linux-gnueabihf-gcc -E  conftest.c
configure:18991: $? = 0
configure:18991: result: yes
configure:18991: checking for assert.h
configure:18991: result: yes
configure:18991: checking limits.h usability
configure:18991: arm-linux-gnueabihf-gcc -c -Wall  conftest.c >&5
configure:18991: $? = 0
configure:18991: result: yes
configure:18991: checking limits.h presence
configure:18991: arm-linux-gnueabihf-gcc -E  conftest.c
configure:18991: $? = 0
configure:18991: result: yes
configure:18991: checking for limits.h
configure:18991: result: yes
configure:18991: checking for unistd.h
configure:18991: result: yes
configure:18991: checking for sys/types.h
configure:18991: result: yes
configure:18991: checking fcntl.h usability
configure:18991: arm-linux-gnueabihf-gcc -c -Wall  conftest.c >&5
configure:18991: $? = 0
configure:18991: result: yes
configure:18991: checking fcntl.h presence
configure:18991: arm-linux-gnueabihf-gcc -E  conftest.c
configure:18991: $? = 0
configure:18991: result: yes
configure:18991: checking for fcntl.h
configure:18991: result: yes
configure:18991: checking errno.h usability
configure:18991: arm-linux-gnueabihf-gcc -c -Wall  conftest.c >&5
configure:18991: $? = 0
configure:18991: result: yes
configure:18991: checking errno.h presence
configure:18991: arm-linux-gnueabihf-gcc -E  conftest.c
configure:18991: $? = 0
configure:18991: result: yes
configure:18991: checking for errno.h
configure:18991: result: yes
configure:19003: checking for an ANSI C-conforming const
configure:19069: arm-linux-gnueabihf-gcc -c -Wall  conftest.c >&5
configure:19069: $? = 0
configure:19076: result: yes
configure:19084: checking for inline
configure:19100: arm-linux-gnueabihf-gcc -c -Wall  conftest.c >&5
configure:19100: $? = 0
configure:19108: result: inline
configure:19126: checking whether byte ordering is bigendian
configure:19141: arm-linux-gnueabihf-gcc -c -Wall  conftest.c >&5
conftest.c:31:9: error: unknown type name 'not'
         not a universal capable compiler
         ^~~
conftest.c:31:15: error: expected '=', ',', ';', 'asm' or '__attribute__' before 'universal'
         not a universal capable compiler
               ^~~~~~~~~
conftest.c:31:15: error: unknown type name 'universal'
configure:19141: $? = 1
configure: failed program was:
| /* confdefs.h */
| #define PACKAGE_NAME "MPEG Audio Decoder"
| #define PACKAGE_TARNAME "libmad"
| #define PACKAGE_VERSION "0.15.1b"
| #define PACKAGE_STRING "MPEG Audio Decoder 0.15.1b"
| #define PACKAGE_BUGREPORT "support@underbit.com"
| #define PACKAGE_URL ""
| #define PACKAGE "libmad"
| #define VERSION "0.15.1b"
| #define STDC_HEADERS 1
| #define HAVE_SYS_TYPES_H 1
| #define HAVE_SYS_STAT_H 1
| #define HAVE_STDLIB_H 1
| #define HAVE_STRING_H 1
| #define HAVE_MEMORY_H 1
| #define HAVE_STRINGS_H 1
| #define HAVE_INTTYPES_H 1
| #define HAVE_STDINT_H 1
| #define HAVE_UNISTD_H 1
| #define HAVE_DLFCN_H 1
| #define STDC_HEADERS 1
| #define HAVE_SYS_WAIT_H 1
| #define HAVE_ASSERT_H 1
| #define HAVE_LIMITS_H 1
| #define HAVE_UNISTD_H 1
| #define HAVE_SYS_TYPES_H 1
| #define HAVE_FCNTL_H 1
| #define HAVE_ERRNO_H 1
| /* end confdefs.h.  */
| #ifndef __APPLE_CC__
| 	       not a universal capable compiler
| 	     #endif
| 	     typedef int dummy;
| 
configure:19186: arm-linux-gnueabihf-gcc -c -Wall  conftest.c >&5
configure:19186: $? = 0
configure:19204: arm-linux-gnueabihf-gcc -c -Wall  conftest.c >&5
conftest.c: In function 'main':
conftest.c:37:4: error: unknown type name 'not'; did you mean 'ino_t'?
    not big endian
    ^~~
    ino_t
conftest.c:37:12: error: expected '=', ',', ';', 'asm' or '__attribute__' before 'endian'
    not big endian
            ^~~~~~
configure:19204: $? = 1
configure: failed program was:
| /* confdefs.h */
| #define PACKAGE_NAME "MPEG Audio Decoder"
| #define PACKAGE_TARNAME "libmad"
| #define PACKAGE_VERSION "0.15.1b"
| #define PACKAGE_STRING "MPEG Audio Decoder 0.15.1b"
| #define PACKAGE_BUGREPORT "support@underbit.com"
| #define PACKAGE_URL ""
| #define PACKAGE "libmad"
| #define VERSION "0.15.1b"
| #define STDC_HEADERS 1
| #define HAVE_SYS_TYPES_H 1
| #define HAVE_SYS_STAT_H 1
| #define HAVE_STDLIB_H 1
| #define HAVE_STRING_H 1
| #define HAVE_MEMORY_H 1
| #define HAVE_STRINGS_H 1
| #define HAVE_INTTYPES_H 1
| #define HAVE_STDINT_H 1
| #define HAVE_UNISTD_H 1
| #define HAVE_DLFCN_H 1
| #define STDC_HEADERS 1
| #define HAVE_SYS_WAIT_H 1
| #define HAVE_ASSERT_H 1
| #define HAVE_LIMITS_H 1
| #define HAVE_UNISTD_H 1
| #define HAVE_SYS_TYPES_H 1
| #define HAVE_FCNTL_H 1
| #define HAVE_ERRNO_H 1
| /* end confdefs.h.  */
| #include <sys/types.h>
| 		#include <sys/param.h>
| 
| int
| main ()
| {
| #if BYTE_ORDER != BIG_ENDIAN
| 		 not big endian
| 		#endif
| 
|   ;
|   return 0;
| }
configure:19332: result: no
configure:19350: checking for pid_t
configure:19350: arm-linux-gnueabihf-gcc -c -Wall  conftest.c >&5
configure:19350: $? = 0
configure:19350: arm-linux-gnueabihf-gcc -c -Wall  conftest.c >&5
conftest.c: In function 'main':
conftest.c:66:20: error: expected expression before ')' token
 if (sizeof ((pid_t)))
                    ^
configure:19350: $? = 1
configure: failed program was:
| /* confdefs.h */
| #define PACKAGE_NAME "MPEG Audio Decoder"
| #define PACKAGE_TARNAME "libmad"
| #define PACKAGE_VERSION "0.15.1b"
| #define PACKAGE_STRING "MPEG Audio Decoder 0.15.1b"
| #define PACKAGE_BUGREPORT "support@underbit.com"
| #define PACKAGE_URL ""
| #define PACKAGE "libmad"
| #define VERSION "0.15.1b"
| #define STDC_HEADERS 1
| #define HAVE_SYS_TYPES_H 1
| #define HAVE_SYS_STAT_H 1
| #define HAVE_STDLIB_H 1
| #define HAVE_STRING_H 1
| #define HAVE_MEMORY_H 1
| #define HAVE_STRINGS_H 1
| #define HAVE_INTTYPES_H 1
| #define HAVE_STDINT_H 1
| #define HAVE_UNISTD_H 1
| #define HAVE_DLFCN_H 1
| #define STDC_HEADERS 1
| #define HAVE_SYS_WAIT_H 1
| #define HAVE_ASSERT_H 1
| #define HAVE_LIMITS_H 1
| #define HAVE_UNISTD_H 1
| #define HAVE_SYS_TYPES_H 1
| #define HAVE_FCNTL_H 1
| #define HAVE_ERRNO_H 1
| /* end confdefs.h.  */
| #include <stdio.h>
| #ifdef HAVE_SYS_TYPES_H
| # include <sys/types.h>
| #endif
| #ifdef HAVE_SYS_STAT_H
| # include <sys/stat.h>
| #endif
| #ifdef STDC_HEADERS
| # include <stdlib.h>
| # include <stddef.h>
| #else
| # ifdef HAVE_STDLIB_H
| #  include <stdlib.h>
| # endif
| #endif
| #ifdef HAVE_STRING_H
| # if !defined STDC_HEADERS && defined HAVE_MEMORY_H
| #  include <memory.h>
| # endif
| # include <string.h>
| #endif
| #ifdef HAVE_STRINGS_H
| # include <strings.h>
| #endif
| #ifdef HAVE_INTTYPES_H
| # include <inttypes.h>
| #endif
| #ifdef HAVE_STDINT_H
| # include <stdint.h>
| #endif
| #ifdef HAVE_UNISTD_H
| # include <unistd.h>
| #endif
| int
| main ()
| {
| if (sizeof ((pid_t)))
| 	    return 0;
|   ;
|   return 0;
| }
configure:19350: result: yes
configure:19366: checking size of int
configure:19371: arm-linux-gnueabihf-gcc -c -Wall  conftest.c >&5
configure:19371: $? = 0
configure:19371: arm-linux-gnueabihf-gcc -c -Wall  conftest.c >&5
conftest.c: In function 'main':
conftest.c:66:12: error: size of array 'test_array' is negative
 static int test_array [1 - 2 * !(((long int) (sizeof (int))) <= 0)];
            ^~~~~~~~~~
configure:19371: $? = 1
configure: failed program was:
| /* confdefs.h */
| #define PACKAGE_NAME "MPEG Audio Decoder"
| #define PACKAGE_TARNAME "libmad"
| #define PACKAGE_VERSION "0.15.1b"
| #define PACKAGE_STRING "MPEG Audio Decoder 0.15.1b"
| #define PACKAGE_BUGREPORT "support@underbit.com"
| #define PACKAGE_URL ""
| #define PACKAGE "libmad"
| #define VERSION "0.15.1b"
| #define STDC_HEADERS 1
| #define HAVE_SYS_TYPES_H 1
| #define HAVE_SYS_STAT_H 1
| #define HAVE_STDLIB_H 1
| #define HAVE_STRING_H 1
| #define HAVE_MEMORY_H 1
| #define HAVE_STRINGS_H 1
| #define HAVE_INTTYPES_H 1
| #define HAVE_STDINT_H 1
| #define HAVE_UNISTD_H 1
| #define HAVE_DLFCN_H 1
| #define STDC_HEADERS 1
| #define HAVE_SYS_WAIT_H 1
| #define HAVE_ASSERT_H 1
| #define HAVE_LIMITS_H 1
| #define HAVE_UNISTD_H 1
| #define HAVE_SYS_TYPES_H 1
| #define HAVE_FCNTL_H 1
| #define HAVE_ERRNO_H 1
| /* end confdefs.h.  */
| #include <stdio.h>
| #ifdef HAVE_SYS_TYPES_H
| # include <sys/types.h>
| #endif
| #ifdef HAVE_SYS_STAT_H
| # include <sys/stat.h>
| #endif
| #ifdef STDC_HEADERS
| # include <stdlib.h>
| # include <stddef.h>
| #else
| # ifdef HAVE_STDLIB_H
| #  include <stdlib.h>
| # endif
| #endif
| #ifdef HAVE_STRING_H
| # if !defined STDC_HEADERS && defined HAVE_MEMORY_H
| #  include <memory.h>
| # endif
| # include <string.h>
| #endif
| #ifdef HAVE_STRINGS_H
| # include <strings.h>
| #endif
| #ifdef HAVE_INTTYPES_H
| # include <inttypes.h>
| #endif
| #ifdef HAVE_STDINT_H
| # include <stdint.h>
| #endif
| #ifdef HAVE_UNISTD_H
| # include <unistd.h>
| #endif
| int
| main ()
| {
| static int test_array [1 - 2 * !(((long int) (sizeof (int))) <= 0)];
| test_array [0] = 0;
| return test_array [0];
| 
|   ;
|   return 0;
| }
configure:19371: arm-linux-gnueabihf-gcc -c -Wall  conftest.c >&5
conftest.c: In function 'main':
conftest.c:66:12: error: size of array 'test_array' is negative
 static int test_array [1 - 2 * !(((long int) (sizeof (int))) <= 1)];
            ^~~~~~~~~~
configure:19371: $? = 1
configure: failed program was:
| /* confdefs.h */
| #define PACKAGE_NAME "MPEG Audio Decoder"
| #define PACKAGE_TARNAME "libmad"
| #define PACKAGE_VERSION "0.15.1b"
| #define PACKAGE_STRING "MPEG Audio Decoder 0.15.1b"
| #define PACKAGE_BUGREPORT "support@underbit.com"
| #define PACKAGE_URL ""
| #define PACKAGE "libmad"
| #define VERSION "0.15.1b"
| #define STDC_HEADERS 1
| #define HAVE_SYS_TYPES_H 1
| #define HAVE_SYS_STAT_H 1
| #define HAVE_STDLIB_H 1
| #define HAVE_STRING_H 1
| #define HAVE_MEMORY_H 1
| #define HAVE_STRINGS_H 1
| #define HAVE_INTTYPES_H 1
| #define HAVE_STDINT_H 1
| #define HAVE_UNISTD_H 1
| #define HAVE_DLFCN_H 1
| #define STDC_HEADERS 1
| #define HAVE_SYS_WAIT_H 1
| #define HAVE_ASSERT_H 1
| #define HAVE_LIMITS_H 1
| #define HAVE_UNISTD_H 1
| #define HAVE_SYS_TYPES_H 1
| #define HAVE_FCNTL_H 1
| #define HAVE_ERRNO_H 1
| /* end confdefs.h.  */
| #include <stdio.h>
| #ifdef HAVE_SYS_TYPES_H
| # include <sys/types.h>
| #endif
| #ifdef HAVE_SYS_STAT_H
| # include <sys/stat.h>
| #endif
| #ifdef STDC_HEADERS
| # include <stdlib.h>
| # include <stddef.h>
| #else
| # ifdef HAVE_STDLIB_H
| #  include <stdlib.h>
| # endif
| #endif
| #ifdef HAVE_STRING_H
| # if !defined STDC_HEADERS && defined HAVE_MEMORY_H
| #  include <memory.h>
| # endif
| # include <string.h>
| #endif
| #ifdef HAVE_STRINGS_H
| # include <strings.h>
| #endif
| #ifdef HAVE_INTTYPES_H
| # include <inttypes.h>
| #endif
| #ifdef HAVE_STDINT_H
| # include <stdint.h>
| #endif
| #ifdef HAVE_UNISTD_H
| # include <unistd.h>
| #endif
| int
| main ()
| {
| static int test_array [1 - 2 * !(((long int) (sizeof (int))) <= 1)];
| test_array [0] = 0;
| return test_array [0];
| 
|   ;
|   return 0;
| }
configure:19371: arm-linux-gnueabihf-gcc -c -Wall  conftest.c >&5
conftest.c: In function 'main':
conftest.c:66:12: error: size of array 'test_array' is negative
 static int test_array [1 - 2 * !(((long int) (sizeof (int))) <= 3)];
            ^~~~~~~~~~
configure:19371: $? = 1
configure: failed program was:
| /* confdefs.h */
| #define PACKAGE_NAME "MPEG Audio Decoder"
| #define PACKAGE_TARNAME "libmad"
| #define PACKAGE_VERSION "0.15.1b"
| #define PACKAGE_STRING "MPEG Audio Decoder 0.15.1b"
| #define PACKAGE_BUGREPORT "support@underbit.com"
| #define PACKAGE_URL ""
| #define PACKAGE "libmad"
| #define VERSION "0.15.1b"
| #define STDC_HEADERS 1
| #define HAVE_SYS_TYPES_H 1
| #define HAVE_SYS_STAT_H 1
| #define HAVE_STDLIB_H 1
| #define HAVE_STRING_H 1
| #define HAVE_MEMORY_H 1
| #define HAVE_STRINGS_H 1
| #define HAVE_INTTYPES_H 1
| #define HAVE_STDINT_H 1
| #define HAVE_UNISTD_H 1
| #define HAVE_DLFCN_H 1
| #define STDC_HEADERS 1
| #define HAVE_SYS_WAIT_H 1
| #define HAVE_ASSERT_H 1
| #define HAVE_LIMITS_H 1
| #define HAVE_UNISTD_H 1
| #define HAVE_SYS_TYPES_H 1
| #define HAVE_FCNTL_H 1
| #define HAVE_ERRNO_H 1
| /* end confdefs.h.  */
| #include <stdio.h>
| #ifdef HAVE_SYS_TYPES_H
| # include <sys/types.h>
| #endif
| #ifdef HAVE_SYS_STAT_H
| # include <sys/stat.h>
| #endif
| #ifdef STDC_HEADERS
| # include <stdlib.h>
| # include <stddef.h>
| #else
| # ifdef HAVE_STDLIB_H
| #  include <stdlib.h>
| # endif
| #endif
| #ifdef HAVE_STRING_H
| # if !defined STDC_HEADERS && defined HAVE_MEMORY_H
| #  include <memory.h>
| # endif
| # include <string.h>
| #endif
| #ifdef HAVE_STRINGS_H
| # include <strings.h>
| #endif
| #ifdef HAVE_INTTYPES_H
| # include <inttypes.h>
| #endif
| #ifdef HAVE_STDINT_H
| # include <stdint.h>
| #endif
| #ifdef HAVE_UNISTD_H
| # include <unistd.h>
| #endif
| int
| main ()
| {
| static int test_array [1 - 2 * !(((long int) (sizeof (int))) <= 3)];
| test_array [0] = 0;
| return test_array [0];
| 
|   ;
|   return 0;
| }
configure:19371: arm-linux-gnueabihf-gcc -c -Wall  conftest.c >&5
configure:19371: $? = 0
configure:19371: arm-linux-gnueabihf-gcc -c -Wall  conftest.c >&5
configure:19371: $? = 0
configure:19371: arm-linux-gnueabihf-gcc -c -Wall  conftest.c >&5
configure:19371: $? = 0
configure:19385: result: 4
configure:19399: checking size of long
configure:19404: arm-linux-gnueabihf-gcc -c -Wall  conftest.c >&5
configure:19404: $? = 0
configure:19404: arm-linux-gnueabihf-gcc -c -Wall  conftest.c >&5
conftest.c: In function 'main':
conftest.c:67:12: error: size of array 'test_array' is negative
 static int test_array [1 - 2 * !(((long int) (sizeof (long))) <= 0)];
            ^~~~~~~~~~
configure:19404: $? = 1
configure: failed program was:
| /* confdefs.h */
| #define PACKAGE_NAME "MPEG Audio Decoder"
| #define PACKAGE_TARNAME "libmad"
| #define PACKAGE_VERSION "0.15.1b"
| #define PACKAGE_STRING "MPEG Audio Decoder 0.15.1b"
| #define PACKAGE_BUGREPORT "support@underbit.com"
| #define PACKAGE_URL ""
| #define PACKAGE "libmad"
| #define VERSION "0.15.1b"
| #define STDC_HEADERS 1
| #define HAVE_SYS_TYPES_H 1
| #define HAVE_SYS_STAT_H 1
| #define HAVE_STDLIB_H 1
| #define HAVE_STRING_H 1
| #define HAVE_MEMORY_H 1
| #define HAVE_STRINGS_H 1
| #define HAVE_INTTYPES_H 1
| #define HAVE_STDINT_H 1
| #define HAVE_UNISTD_H 1
| #define HAVE_DLFCN_H 1
| #define STDC_HEADERS 1
| #define HAVE_SYS_WAIT_H 1
| #define HAVE_ASSERT_H 1
| #define HAVE_LIMITS_H 1
| #define HAVE_UNISTD_H 1
| #define HAVE_SYS_TYPES_H 1
| #define HAVE_FCNTL_H 1
| #define HAVE_ERRNO_H 1
| #define SIZEOF_INT 4
| /* end confdefs.h.  */
| #include <stdio.h>
| #ifdef HAVE_SYS_TYPES_H
| # include <sys/types.h>
| #endif
| #ifdef HAVE_SYS_STAT_H
| # include <sys/stat.h>
| #endif
| #ifdef STDC_HEADERS
| # include <stdlib.h>
| # include <stddef.h>
| #else
| # ifdef HAVE_STDLIB_H
| #  include <stdlib.h>
| # endif
| #endif
| #ifdef HAVE_STRING_H
| # if !defined STDC_HEADERS && defined HAVE_MEMORY_H
| #  include <memory.h>
| # endif
| # include <string.h>
| #endif
| #ifdef HAVE_STRINGS_H
| # include <strings.h>
| #endif
| #ifdef HAVE_INTTYPES_H
| # include <inttypes.h>
| #endif
| #ifdef HAVE_STDINT_H
| # include <stdint.h>
| #endif
| #ifdef HAVE_UNISTD_H
| # include <unistd.h>
| #endif
| int
| main ()
| {
| static int test_array [1 - 2 * !(((long int) (sizeof (long))) <= 0)];
| test_array [0] = 0;
| return test_array [0];
| 
|   ;
|   return 0;
| }
configure:19404: arm-linux-gnueabihf-gcc -c -Wall  conftest.c >&5
conftest.c: In function 'main':
conftest.c:67:12: error: size of array 'test_array' is negative
 static int test_array [1 - 2 * !(((long int) (sizeof (long))) <= 1)];
            ^~~~~~~~~~
configure:19404: $? = 1
configure: failed program was:
| /* confdefs.h */
| #define PACKAGE_NAME "MPEG Audio Decoder"
| #define PACKAGE_TARNAME "libmad"
| #define PACKAGE_VERSION "0.15.1b"
| #define PACKAGE_STRING "MPEG Audio Decoder 0.15.1b"
| #define PACKAGE_BUGREPORT "support@underbit.com"
| #define PACKAGE_URL ""
| #define PACKAGE "libmad"
| #define VERSION "0.15.1b"
| #define STDC_HEADERS 1
| #define HAVE_SYS_TYPES_H 1
| #define HAVE_SYS_STAT_H 1
| #define HAVE_STDLIB_H 1
| #define HAVE_STRING_H 1
| #define HAVE_MEMORY_H 1
| #define HAVE_STRINGS_H 1
| #define HAVE_INTTYPES_H 1
| #define HAVE_STDINT_H 1
| #define HAVE_UNISTD_H 1
| #define HAVE_DLFCN_H 1
| #define STDC_HEADERS 1
| #define HAVE_SYS_WAIT_H 1
| #define HAVE_ASSERT_H 1
| #define HAVE_LIMITS_H 1
| #define HAVE_UNISTD_H 1
| #define HAVE_SYS_TYPES_H 1
| #define HAVE_FCNTL_H 1
| #define HAVE_ERRNO_H 1
| #define SIZEOF_INT 4
| /* end confdefs.h.  */
| #include <stdio.h>
| #ifdef HAVE_SYS_TYPES_H
| # include <sys/types.h>
| #endif
| #ifdef HAVE_SYS_STAT_H
| # include <sys/stat.h>
| #endif
| #ifdef STDC_HEADERS
| # include <stdlib.h>
| # include <stddef.h>
| #else
| # ifdef HAVE_STDLIB_H
| #  include <stdlib.h>
| # endif
| #endif
| #ifdef HAVE_STRING_H
| # if !defined STDC_HEADERS && defined HAVE_MEMORY_H
| #  include <memory.h>
| # endif
| # include <string.h>
| #endif
| #ifdef HAVE_STRINGS_H
| # include <strings.h>
| #endif
| #ifdef HAVE_INTTYPES_H
| # include <inttypes.h>
| #endif
| #ifdef HAVE_STDINT_H
| # include <stdint.h>
| #endif
| #ifdef HAVE_UNISTD_H
| # include <unistd.h>
| #endif
| int
| main ()
| {
| static int test_array [1 - 2 * !(((long int) (sizeof (long))) <= 1)];
| test_array [0] = 0;
| return test_array [0];
| 
|   ;
|   return 0;
| }
configure:19404: arm-linux-gnueabihf-gcc -c -Wall  conftest.c >&5
conftest.c: In function 'main':
conftest.c:67:12: error: size of array 'test_array' is negative
 static int test_array [1 - 2 * !(((long int) (sizeof (long))) <= 3)];
            ^~~~~~~~~~
configure:19404: $? = 1
configure: failed program was:
| /* confdefs.h */
| #define PACKAGE_NAME "MPEG Audio Decoder"
| #define PACKAGE_TARNAME "libmad"
| #define PACKAGE_VERSION "0.15.1b"
| #define PACKAGE_STRING "MPEG Audio Decoder 0.15.1b"
| #define PACKAGE_BUGREPORT "support@underbit.com"
| #define PACKAGE_URL ""
| #define PACKAGE "libmad"
| #define VERSION "0.15.1b"
| #define STDC_HEADERS 1
| #define HAVE_SYS_TYPES_H 1
| #define HAVE_SYS_STAT_H 1
| #define HAVE_STDLIB_H 1
| #define HAVE_STRING_H 1
| #define HAVE_MEMORY_H 1
| #define HAVE_STRINGS_H 1
| #define HAVE_INTTYPES_H 1
| #define HAVE_STDINT_H 1
| #define HAVE_UNISTD_H 1
| #define HAVE_DLFCN_H 1
| #define STDC_HEADERS 1
| #define HAVE_SYS_WAIT_H 1
| #define HAVE_ASSERT_H 1
| #define HAVE_LIMITS_H 1
| #define HAVE_UNISTD_H 1
| #define HAVE_SYS_TYPES_H 1
| #define HAVE_FCNTL_H 1
| #define HAVE_ERRNO_H 1
| #define SIZEOF_INT 4
| /* end confdefs.h.  */
| #include <stdio.h>
| #ifdef HAVE_SYS_TYPES_H
| # include <sys/types.h>
| #endif
| #ifdef HAVE_SYS_STAT_H
| # include <sys/stat.h>
| #endif
| #ifdef STDC_HEADERS
| # include <stdlib.h>
| # include <stddef.h>
| #else
| # ifdef HAVE_STDLIB_H
| #  include <stdlib.h>
| # endif
| #endif
| #ifdef HAVE_STRING_H
| # if !defined STDC_HEADERS && defined HAVE_MEMORY_H
| #  include <memory.h>
| # endif
| # include <string.h>
| #endif
| #ifdef HAVE_STRINGS_H
| # include <strings.h>
| #endif
| #ifdef HAVE_INTTYPES_H
| # include <inttypes.h>
| #endif
| #ifdef HAVE_STDINT_H
| # include <stdint.h>
| #endif
| #ifdef HAVE_UNISTD_H
| # include <unistd.h>
| #endif
| int
| main ()
| {
| static int test_array [1 - 2 * !(((long int) (sizeof (long))) <= 3)];
| test_array [0] = 0;
| return test_array [0];
| 
|   ;
|   return 0;
| }
configure:19404: arm-linux-gnueabihf-gcc -c -Wall  conftest.c >&5
configure:19404: $? = 0
configure:19404: arm-linux-gnueabihf-gcc -c -Wall  conftest.c >&5
configure:19404: $? = 0
configure:19404: arm-linux-gnueabihf-gcc -c -Wall  conftest.c >&5
configure:19404: $? = 0
configure:19418: result: 4
configure:19432: checking size of long long
configure:19437: arm-linux-gnueabihf-gcc -c -Wall  conftest.c >&5
configure:19437: $? = 0
configure:19437: arm-linux-gnueabihf-gcc -c -Wall  conftest.c >&5
conftest.c: In function 'main':
conftest.c:68:12: error: size of array 'test_array' is negative
 static int test_array [1 - 2 * !(((long int) (sizeof (long long))) <= 0)];
            ^~~~~~~~~~
configure:19437: $? = 1
configure: failed program was:
| /* confdefs.h */
| #define PACKAGE_NAME "MPEG Audio Decoder"
| #define PACKAGE_TARNAME "libmad"
| #define PACKAGE_VERSION "0.15.1b"
| #define PACKAGE_STRING "MPEG Audio Decoder 0.15.1b"
| #define PACKAGE_BUGREPORT "support@underbit.com"
| #define PACKAGE_URL ""
| #define PACKAGE "libmad"
| #define VERSION "0.15.1b"
| #define STDC_HEADERS 1
| #define HAVE_SYS_TYPES_H 1
| #define HAVE_SYS_STAT_H 1
| #define HAVE_STDLIB_H 1
| #define HAVE_STRING_H 1
| #define HAVE_MEMORY_H 1
| #define HAVE_STRINGS_H 1
| #define HAVE_INTTYPES_H 1
| #define HAVE_STDINT_H 1
| #define HAVE_UNISTD_H 1
| #define HAVE_DLFCN_H 1
| #define STDC_HEADERS 1
| #define HAVE_SYS_WAIT_H 1
| #define HAVE_ASSERT_H 1
| #define HAVE_LIMITS_H 1
| #define HAVE_UNISTD_H 1
| #define HAVE_SYS_TYPES_H 1
| #define HAVE_FCNTL_H 1
| #define HAVE_ERRNO_H 1
| #define SIZEOF_INT 4
| #define SIZEOF_LONG 4
| /* end confdefs.h.  */
| #include <stdio.h>
| #ifdef HAVE_SYS_TYPES_H
| # include <sys/types.h>
| #endif
| #ifdef HAVE_SYS_STAT_H
| # include <sys/stat.h>
| #endif
| #ifdef STDC_HEADERS
| # include <stdlib.h>
| # include <stddef.h>
| #else
| # ifdef HAVE_STDLIB_H
| #  include <stdlib.h>
| # endif
| #endif
| #ifdef HAVE_STRING_H
| # if !defined STDC_HEADERS && defined HAVE_MEMORY_H
| #  include <memory.h>
| # endif
| # include <string.h>
| #endif
| #ifdef HAVE_STRINGS_H
| # include <strings.h>
| #endif
| #ifdef HAVE_INTTYPES_H
| # include <inttypes.h>
| #endif
| #ifdef HAVE_STDINT_H
| # include <stdint.h>
| #endif
| #ifdef HAVE_UNISTD_H
| # include <unistd.h>
| #endif
| int
| main ()
| {
| static int test_array [1 - 2 * !(((long int) (sizeof (long long))) <= 0)];
| test_array [0] = 0;
| return test_array [0];
| 
|   ;
|   return 0;
| }
configure:19437: arm-linux-gnueabihf-gcc -c -Wall  conftest.c >&5
conftest.c: In function 'main':
conftest.c:68:12: error: size of array 'test_array' is negative
 static int test_array [1 - 2 * !(((long int) (sizeof (long long))) <= 1)];
            ^~~~~~~~~~
configure:19437: $? = 1
configure: failed program was:
| /* confdefs.h */
| #define PACKAGE_NAME "MPEG Audio Decoder"
| #define PACKAGE_TARNAME "libmad"
| #define PACKAGE_VERSION "0.15.1b"
| #define PACKAGE_STRING "MPEG Audio Decoder 0.15.1b"
| #define PACKAGE_BUGREPORT "support@underbit.com"
| #define PACKAGE_URL ""
| #define PACKAGE "libmad"
| #define VERSION "0.15.1b"
| #define STDC_HEADERS 1
| #define HAVE_SYS_TYPES_H 1
| #define HAVE_SYS_STAT_H 1
| #define HAVE_STDLIB_H 1
| #define HAVE_STRING_H 1
| #define HAVE_MEMORY_H 1
| #define HAVE_STRINGS_H 1
| #define HAVE_INTTYPES_H 1
| #define HAVE_STDINT_H 1
| #define HAVE_UNISTD_H 1
| #define HAVE_DLFCN_H 1
| #define STDC_HEADERS 1
| #define HAVE_SYS_WAIT_H 1
| #define HAVE_ASSERT_H 1
| #define HAVE_LIMITS_H 1
| #define HAVE_UNISTD_H 1
| #define HAVE_SYS_TYPES_H 1
| #define HAVE_FCNTL_H 1
| #define HAVE_ERRNO_H 1
| #define SIZEOF_INT 4
| #define SIZEOF_LONG 4
| /* end confdefs.h.  */
| #include <stdio.h>
| #ifdef HAVE_SYS_TYPES_H
| # include <sys/types.h>
| #endif
| #ifdef HAVE_SYS_STAT_H
| # include <sys/stat.h>
| #endif
| #ifdef STDC_HEADERS
| # include <stdlib.h>
| # include <stddef.h>
| #else
| # ifdef HAVE_STDLIB_H
| #  include <stdlib.h>
| # endif
| #endif
| #ifdef HAVE_STRING_H
| # if !defined STDC_HEADERS && defined HAVE_MEMORY_H
| #  include <memory.h>
| # endif
| # include <string.h>
| #endif
| #ifdef HAVE_STRINGS_H
| # include <strings.h>
| #endif
| #ifdef HAVE_INTTYPES_H
| # include <inttypes.h>
| #endif
| #ifdef HAVE_STDINT_H
| # include <stdint.h>
| #endif
| #ifdef HAVE_UNISTD_H
| # include <unistd.h>
| #endif
| int
| main ()
| {
| static int test_array [1 - 2 * !(((long int) (sizeof (long long))) <= 1)];
| test_array [0] = 0;
| return test_array [0];
| 
|   ;
|   return 0;
| }
configure:19437: arm-linux-gnueabihf-gcc -c -Wall  conftest.c >&5
conftest.c: In function 'main':
conftest.c:68:12: error: size of array 'test_array' is negative
 static int test_array [1 - 2 * !(((long int) (sizeof (long long))) <= 3)];
            ^~~~~~~~~~
configure:19437: $? = 1
configure: failed program was:
| /* confdefs.h */
| #define PACKAGE_NAME "MPEG Audio Decoder"
| #define PACKAGE_TARNAME "libmad"
| #define PACKAGE_VERSION "0.15.1b"
| #define PACKAGE_STRING "MPEG Audio Decoder 0.15.1b"
| #define PACKAGE_BUGREPORT "support@underbit.com"
| #define PACKAGE_URL ""
| #define PACKAGE "libmad"
| #define VERSION "0.15.1b"
| #define STDC_HEADERS 1
| #define HAVE_SYS_TYPES_H 1
| #define HAVE_SYS_STAT_H 1
| #define HAVE_STDLIB_H 1
| #define HAVE_STRING_H 1
| #define HAVE_MEMORY_H 1
| #define HAVE_STRINGS_H 1
| #define HAVE_INTTYPES_H 1
| #define HAVE_STDINT_H 1
| #define HAVE_UNISTD_H 1
| #define HAVE_DLFCN_H 1
| #define STDC_HEADERS 1
| #define HAVE_SYS_WAIT_H 1
| #define HAVE_ASSERT_H 1
| #define HAVE_LIMITS_H 1
| #define HAVE_UNISTD_H 1
| #define HAVE_SYS_TYPES_H 1
| #define HAVE_FCNTL_H 1
| #define HAVE_ERRNO_H 1
| #define SIZEOF_INT 4
| #define SIZEOF_LONG 4
| /* end confdefs.h.  */
| #include <stdio.h>
| #ifdef HAVE_SYS_TYPES_H
| # include <sys/types.h>
| #endif
| #ifdef HAVE_SYS_STAT_H
| # include <sys/stat.h>
| #endif
| #ifdef STDC_HEADERS
| # include <stdlib.h>
| # include <stddef.h>
| #else
| # ifdef HAVE_STDLIB_H
| #  include <stdlib.h>
| # endif
| #endif
| #ifdef HAVE_STRING_H
| # if !defined STDC_HEADERS && defined HAVE_MEMORY_H
| #  include <memory.h>
| # endif
| # include <string.h>
| #endif
| #ifdef HAVE_STRINGS_H
| # include <strings.h>
| #endif
| #ifdef HAVE_INTTYPES_H
| # include <inttypes.h>
| #endif
| #ifdef HAVE_STDINT_H
| # include <stdint.h>
| #endif
| #ifdef HAVE_UNISTD_H
| # include <unistd.h>
| #endif
| int
| main ()
| {
| static int test_array [1 - 2 * !(((long int) (sizeof (long long))) <= 3)];
| test_array [0] = 0;
| return test_array [0];
| 
|   ;
|   return 0;
| }
configure:19437: arm-linux-gnueabihf-gcc -c -Wall  conftest.c >&5
conftest.c: In function 'main':
conftest.c:68:12: error: size of array 'test_array' is negative
 static int test_array [1 - 2 * !(((long int) (sizeof (long long))) <= 7)];
            ^~~~~~~~~~
configure:19437: $? = 1
configure: failed program was:
| /* confdefs.h */
| #define PACKAGE_NAME "MPEG Audio Decoder"
| #define PACKAGE_TARNAME "libmad"
| #define PACKAGE_VERSION "0.15.1b"
| #define PACKAGE_STRING "MPEG Audio Decoder 0.15.1b"
| #define PACKAGE_BUGREPORT "support@underbit.com"
| #define PACKAGE_URL ""
| #define PACKAGE "libmad"
| #define VERSION "0.15.1b"
| #define STDC_HEADERS 1
| #define HAVE_SYS_TYPES_H 1
| #define HAVE_SYS_STAT_H 1
| #define HAVE_STDLIB_H 1
| #define HAVE_STRING_H 1
| #define HAVE_MEMORY_H 1
| #define HAVE_STRINGS_H 1
| #define HAVE_INTTYPES_H 1
| #define HAVE_STDINT_H 1
| #define HAVE_UNISTD_H 1
| #define HAVE_DLFCN_H 1
| #define STDC_HEADERS 1
| #define HAVE_SYS_WAIT_H 1
| #define HAVE_ASSERT_H 1
| #define HAVE_LIMITS_H 1
| #define HAVE_UNISTD_H 1
| #define HAVE_SYS_TYPES_H 1
| #define HAVE_FCNTL_H 1
| #define HAVE_ERRNO_H 1
| #define SIZEOF_INT 4
| #define SIZEOF_LONG 4
| /* end confdefs.h.  */
| #include <stdio.h>
| #ifdef HAVE_SYS_TYPES_H
| # include <sys/types.h>
| #endif
| #ifdef HAVE_SYS_STAT_H
| # include <sys/stat.h>
| #endif
| #ifdef STDC_HEADERS
| # include <stdlib.h>
| # include <stddef.h>
| #else
| # ifdef HAVE_STDLIB_H
| #  include <stdlib.h>
| # endif
| #endif
| #ifdef HAVE_STRING_H
| # if !defined STDC_HEADERS && defined HAVE_MEMORY_H
| #  include <memory.h>
| # endif
| # include <string.h>
| #endif
| #ifdef HAVE_STRINGS_H
| # include <strings.h>
| #endif
| #ifdef HAVE_INTTYPES_H
| # include <inttypes.h>
| #endif
| #ifdef HAVE_STDINT_H
| # include <stdint.h>
| #endif
| #ifdef HAVE_UNISTD_H
| # include <unistd.h>
| #endif
| int
| main ()
| {
| static int test_array [1 - 2 * !(((long int) (sizeof (long long))) <= 7)];
| test_array [0] = 0;
| return test_array [0];
| 
|   ;
|   return 0;
| }
configure:19437: arm-linux-gnueabihf-gcc -c -Wall  conftest.c >&5
configure:19437: $? = 0
configure:19437: arm-linux-gnueabihf-gcc -c -Wall  conftest.c >&5
configure:19437: $? = 0
configure:19437: arm-linux-gnueabihf-gcc -c -Wall  conftest.c >&5
configure:19437: $? = 0
configure:19437: arm-linux-gnueabihf-gcc -c -Wall  conftest.c >&5
configure:19437: $? = 0
configure:19451: result: 8
configure:19466: checking for waitpid
configure:19466: arm-linux-gnueabihf-gcc -o conftest -Wall   conftest.c  >&5
configure:19466: $? = 0
configure:19466: result: yes
configure:19466: checking for fcntl
configure:19466: arm-linux-gnueabihf-gcc -o conftest -Wall   conftest.c  >&5
configure:19466: $? = 0
configure:19466: result: yes
configure:19466: checking for pipe
configure:19466: arm-linux-gnueabihf-gcc -o conftest -Wall   conftest.c  >&5
configure:19466: $? = 0
configure:19466: result: yes
configure:19466: checking for fork
configure:19466: arm-linux-gnueabihf-gcc -o conftest -Wall   conftest.c  >&5
conftest.c:59:6: warning: conflicting types for built-in function 'fork' [-Wbuiltin-declaration-mismatch]
 char fork ();
      ^~~~
configure:19466: $? = 0
configure:19466: result: yes
configure:19568: checking whether to optimize for speed or for accuracy
configure:19606: result: default
configure:19614: checking for architecture-specific fixed-point math routines
configure:19651: result: ARM
configure:19705: checking for ISO/IEC interpretation
configure:19721: result: best accepted practices
configure:19724: checking whether to enable profiling
configure:19735: result: no
configure:19738: checking whether to enable debugging
configure:19769: result: default
configure:19772: checking whether to enable experimental code
configure:19787: result: no
configure:19926: creating ./config.status

## ---------------------- ##
## Running config.status. ##
## ---------------------- ##

This file was extended by MPEG Audio Decoder config.status 0.15.1b, which was
generated by GNU Autoconf 2.69.  Invocation command line was

  CONFIG_FILES    = 
  CONFIG_HEADERS  = 
  CONFIG_LINKS    = 
  CONFIG_COMMANDS = 
  $ ./config.status 

on szbcl06402

config.status:888: creating Makefile
config.status:991: WARNING:  'Makefile.in' seems to ignore the --datarootdir setting
config.status:888: creating msvc++/Makefile
config.status:991: WARNING:  'msvc++/Makefile.in' seems to ignore the --datarootdir setting
config.status:888: creating libmad.list
config.status:888: creating config.h
config.status:1063: config.h is unchanged
config.status:1110: executing depfiles commands

## ---------------- ##
## Cache variables. ##
## ---------------- ##

ac_cv_build=x86_64-unknown-linux-gnu
ac_cv_c_bigendian=no
ac_cv_c_compiler_gnu=yes
ac_cv_c_const=yes
ac_cv_c_inline=inline
ac_cv_cxx_compiler_gnu=yes
ac_cv_env_CCASFLAGS_set=
ac_cv_env_CCASFLAGS_value=
ac_cv_env_CCAS_set=
ac_cv_env_CCAS_value=
ac_cv_env_CCC_set=
ac_cv_env_CCC_value=
ac_cv_env_CC_set=set
ac_cv_env_CC_value=arm-linux-gnueabihf-gcc
ac_cv_env_CFLAGS_set=
ac_cv_env_CFLAGS_value=
ac_cv_env_CPPFLAGS_set=
ac_cv_env_CPPFLAGS_value=
ac_cv_env_CPP_set=
ac_cv_env_CPP_value=
ac_cv_env_CXXCPP_set=
ac_cv_env_CXXCPP_value=
ac_cv_env_CXXFLAGS_set=
ac_cv_env_CXXFLAGS_value=
ac_cv_env_CXX_set=set
ac_cv_env_CXX_value=arm-linux-gnueabihf-g++
ac_cv_env_F77_set=
ac_cv_env_F77_value=
ac_cv_env_FFLAGS_set=
ac_cv_env_FFLAGS_value=
ac_cv_env_LDFLAGS_set=
ac_cv_env_LDFLAGS_value=
ac_cv_env_LIBS_set=
ac_cv_env_LIBS_value=
ac_cv_env_build_alias_set=
ac_cv_env_build_alias_value=
ac_cv_env_host_alias_set=set
ac_cv_env_host_alias_value=arm-linux
ac_cv_env_target_alias_set=
ac_cv_env_target_alias_value=
ac_cv_f77_compiler_gnu=no
ac_cv_func_fcntl=yes
ac_cv_func_fork=yes
ac_cv_func_pipe=yes
ac_cv_func_waitpid=yes
ac_cv_header_assert_h=yes
ac_cv_header_dlfcn_h=yes
ac_cv_header_errno_h=yes
ac_cv_header_fcntl_h=yes
ac_cv_header_inttypes_h=yes
ac_cv_header_limits_h=yes
ac_cv_header_memory_h=yes
ac_cv_header_stdc=yes
ac_cv_header_stdint_h=yes
ac_cv_header_stdlib_h=yes
ac_cv_header_string_h=yes
ac_cv_header_strings_h=yes
ac_cv_header_sys_stat_h=yes
ac_cv_header_sys_types_h=yes
ac_cv_header_sys_wait_h=yes
ac_cv_header_unistd_h=yes
ac_cv_host=arm-unknown-linux-gnu
ac_cv_objext=o
ac_cv_path_EGREP='/bin/grep -E'
ac_cv_path_GREP=/bin/grep
ac_cv_path_install='/usr/bin/install -c'
ac_cv_prog_AWK=gawk
ac_cv_prog_CC=arm-linux-gnueabihf-gcc
ac_cv_prog_CPP='arm-linux-gnueabihf-gcc -E'
ac_cv_prog_CXXCPP='arm-linux-gnueabihf-g++ -E'
ac_cv_prog_STRIP=strip
ac_cv_prog_ac_ct_AR=ar
ac_cv_prog_ac_ct_RANLIB=ranlib
ac_cv_prog_ac_ct_STRIP=strip
ac_cv_prog_cc_c89=
ac_cv_prog_cc_g=yes
ac_cv_prog_cxx_g=yes
ac_cv_prog_f77_g=no
ac_cv_prog_make_make_set=yes
ac_cv_sizeof_int=4
ac_cv_sizeof_long=4
ac_cv_sizeof_long_long=8
ac_cv_type_pid_t=yes
am_cv_CC_dependencies_compiler_type=gcc3
am_cv_CXX_dependencies_compiler_type=gcc3
lt_cv_deplibs_check_method=pass_all
lt_cv_file_magic_cmd='$MAGIC_CMD'
lt_cv_file_magic_test_file=
lt_cv_ld_reload_flag=-r
lt_cv_objdir=.libs
lt_cv_path_LD=/tools/toolchain/gcc-arm-8.2-2018.08-x86_64-arm-linux-gnueabihf/arm-linux-gnueabihf/bin/ld
lt_cv_path_LDCXX=/tools/toolchain/gcc-arm-8.2-2018.08-x86_64-arm-linux-gnueabihf/arm-linux-gnueabihf/bin/ld
lt_cv_path_NM=nm
lt_cv_path_SED=/bin/sed
lt_cv_prog_compiler_c_o=yes
lt_cv_prog_compiler_c_o_CXX=yes
lt_cv_prog_compiler_rtti_exceptions=no
lt_cv_prog_gnu_ld=yes
lt_cv_prog_gnu_ldcxx=yes
lt_cv_sys_global_symbol_pipe='sed -n -e '\''s/^.*[ 	]\([ABCDGIRSTW][ABCDGIRSTW]*\)[ 	][ 	]*\(\)\([_A-Za-z][_A-Za-z0-9]*\)$/\1 \2\3 \3/p'\'''
lt_cv_sys_global_symbol_to_c_name_address='sed -n -e '\''s/^: \([^ ]*\) $/  {\"\1\", (lt_ptr) 0},/p'\'' -e '\''s/^[BCDEGRST] \([^ ]*\) \([^ ]*\)$/  {"\2", (lt_ptr) \&\2},/p'\'''
lt_cv_sys_global_symbol_to_cdecl='sed -n -e '\''s/^. .* \(.*\)$/extern int \1;/p'\'''
lt_cv_sys_max_cmd_len=32768
lt_lt_cv_prog_compiler_c_o='"yes"'
lt_lt_cv_prog_compiler_c_o_CXX='"yes"'
lt_lt_cv_sys_global_symbol_pipe='"sed -n -e '\''s/^.*[ 	]\\([ABCDGIRSTW][ABCDGIRSTW]*\\)[ 	][ 	]*\\(\\)\\([_A-Za-z][_A-Za-z0-9]*\\)\$/\\1 \\2\\3 \\3/p'\''"'
lt_lt_cv_sys_global_symbol_to_c_name_address='"sed -n -e '\''s/^: \\([^ ]*\\) \$/  {\\\"\\1\\\", (lt_ptr) 0},/p'\'' -e '\''s/^[BCDEGRST] \\([^ ]*\\) \\([^ ]*\\)\$/  {\"\\2\", (lt_ptr) \\&\\2},/p'\''"'
lt_lt_cv_sys_global_symbol_to_cdecl='"sed -n -e '\''s/^. .* \\(.*\\)\$/extern int \\1;/p'\''"'

## ----------------- ##
## Output variables. ##
## ----------------- ##

ACLOCAL='${SHELL} /home/jeffrey.wu/item/smartdisp_demo/MM_DEMO/mp3_player/libmad-0.15.1b/missing --run aclocal-1.8'
AMDEPBACKSLASH='\'
AMDEP_FALSE='#'
AMDEP_TRUE=''
AMTAR='${SHELL} /home/jeffrey.wu/item/smartdisp_demo/MM_DEMO/mp3_player/libmad-0.15.1b/missing --run tar'
AR='ar'
ASO=' -DASO_INTERLEAVE1 -DASO_IMDCT'
ASO_OBJS='imdct_l_arm.lo'
AUTOCONF='${SHELL} /home/jeffrey.wu/item/smartdisp_demo/MM_DEMO/mp3_player/libmad-0.15.1b/missing --run autoconf'
AUTOHEADER='${SHELL} /home/jeffrey.wu/item/smartdisp_demo/MM_DEMO/mp3_player/libmad-0.15.1b/missing --run autoheader'
AUTOMAKE='${SHELL} /home/jeffrey.wu/item/smartdisp_demo/MM_DEMO/mp3_player/libmad-0.15.1b/missing --run automake-1.8'
AWK='gawk'
CC='arm-linux-gnueabihf-gcc'
CCAS='arm-linux-gnueabihf-gcc'
CCASFLAGS='-g -O2'
CCDEPMODE='depmode=gcc3'
CFLAGS='-Wall -g -O -fforce-addr -fthread-jumps -fcse-follow-jumps -fcse-skip-blocks -fexpensive-optimizations -fregmove -fschedule-insns2 -fstrength-reduce'
CPP='arm-linux-gnueabihf-gcc -E'
CPPFLAGS=''
CXX='arm-linux-gnueabihf-g++'
CXXCPP='arm-linux-gnueabihf-g++ -E'
CXXDEPMODE='depmode=gcc3'
CXXFLAGS='-g -O2'
CYGPATH_W='echo'
DEFS='-DHAVE_CONFIG_H'
DEPDIR='.deps'
ECHO='echo'
ECHO_C=''
ECHO_N='-n'
ECHO_T=''
EGREP='/bin/grep -E'
EXEEXT=''
F77=''
FFLAGS=''
FPM='-DFPM_ARM'
GREP='/bin/grep'
INSTALL_DATA='${INSTALL} -m 644'
INSTALL_PROGRAM='${INSTALL}'
INSTALL_SCRIPT='${INSTALL}'
INSTALL_STRIP_PROGRAM='${SHELL} $(install_sh) -c -s'
LDFLAGS=''
LIBOBJS=''
LIBS=''
LIBTOOL='$(SHELL) $(top_builddir)/libtool'
LIBTOOL_DEPS='./ltmain.sh'
LN_S='ln -s'
LTLIBOBJS=''
MAKEINFO='${SHELL} /home/jeffrey.wu/item/smartdisp_demo/MM_DEMO/mp3_player/libmad-0.15.1b/missing --run makeinfo'
OBJEXT='o'
PACKAGE='libmad'
PACKAGE_BUGREPORT='support@underbit.com'
PACKAGE_NAME='MPEG Audio Decoder'
PACKAGE_STRING='MPEG Audio Decoder 0.15.1b'
PACKAGE_TARNAME='libmad'
PACKAGE_URL=''
PACKAGE_VERSION='0.15.1b'
PATH_SEPARATOR=':'
RANLIB='ranlib'
SET_MAKE=''
SHELL='/bin/sh'
STRIP='strip'
VERSION='0.15.1b'
ac_ct_CC=''
ac_ct_CXX=''
ac_ct_F77=''
am__fastdepCC_FALSE='#'
am__fastdepCC_TRUE=''
am__fastdepCXX_FALSE='#'
am__fastdepCXX_TRUE=''
am__include='include'
am__leading_dot='.'
am__quote=''
bindir='${exec_prefix}/bin'
build='x86_64-unknown-linux-gnu'
build_alias=''
build_cpu='x86_64'
build_os='linux-gnu'
build_vendor='unknown'
datadir='${datarootdir}'
datarootdir='${prefix}/share'
docdir='${datarootdir}/doc/${PACKAGE_TARNAME}'
dvidir='${docdir}'
exec_prefix='${prefix}'
host='arm-unknown-linux-gnu'
host_alias='arm-linux'
host_cpu='arm'
host_os='linux-gnu'
host_vendor='unknown'
htmldir='${docdir}'
includedir='${prefix}/include'
infodir='${datarootdir}/info'
install_sh='/home/jeffrey.wu/item/smartdisp_demo/MM_DEMO/mp3_player/libmad-0.15.1b/install-sh'
libdir='${exec_prefix}/lib'
libexecdir='${exec_prefix}/libexec'
localedir='${datarootdir}/locale'
localstatedir='${prefix}/var'
mandir='${datarootdir}/man'
mkdir_p='mkdir -p -- .'
oldincludedir='/usr/include'
pdfdir='${docdir}'
prefix='/home/jeffrey.wu/item/smartdisp_demo/MM_DEMO/mp3_player/libmad-0.15.1b/host'
program_transform_name='s,x,x,'
psdir='${docdir}'
runstatedir='${localstatedir}/run'
sbindir='${exec_prefix}/sbin'
sharedstatedir='${prefix}/com'
sysconfdir='${prefix}/etc'
target_alias=''

## ----------- ##
## confdefs.h. ##
## ----------- ##

/* confdefs.h */
#define PACKAGE_NAME "MPEG Audio Decoder"
#define PACKAGE_TARNAME "libmad"
#define PACKAGE_VERSION "0.15.1b"
#define PACKAGE_STRING "MPEG Audio Decoder 0.15.1b"
#define PACKAGE_BUGREPORT "support@underbit.com"
#define PACKAGE_URL ""
#define PACKAGE "libmad"
#define VERSION "0.15.1b"
#define STDC_HEADERS 1
#define HAVE_SYS_TYPES_H 1
#define HAVE_SYS_STAT_H 1
#define HAVE_STDLIB_H 1
#define HAVE_STRING_H 1
#define HAVE_MEMORY_H 1
#define HAVE_STRINGS_H 1
#define HAVE_INTTYPES_H 1
#define HAVE_STDINT_H 1
#define HAVE_UNISTD_H 1
#define HAVE_DLFCN_H 1
#define STDC_HEADERS 1
#define HAVE_SYS_WAIT_H 1
#define HAVE_ASSERT_H 1
#define HAVE_LIMITS_H 1
#define HAVE_UNISTD_H 1
#define HAVE_SYS_TYPES_H 1
#define HAVE_FCNTL_H 1
#define HAVE_ERRNO_H 1
#define SIZEOF_INT 4
#define SIZEOF_LONG 4
#define SIZEOF_LONG_LONG 8
#define HAVE_WAITPID 1
#define HAVE_FCNTL 1
#define HAVE_PIPE 1
#define HAVE_FORK 1

configure: exit 0
